<?xml version="1.0" ?><testsuite name="edu.umb.cs680.hw05.CarTest" time="0.101" timestamp="2020-10-23T04:46:23" tests="5" failures="0" skipped="0" aborted="0"><properties>
[...]
</properties><testcase classname="edu.umb.cs680.hw05.CarTest" name="verifyCarEqualityWithMakeModelYear()" time="0.0"></testcase><testcase classname="edu.umb.cs680.hw05.CarTest" name="check_Lexus_LS_creation()" time="0.0"></testcase><testcase classname="edu.umb.cs680.hw05.CarTest" name="check_Lexus_ES_creation()" time="0.002"></testcase><testcase classname="edu.umb.cs680.hw05.CarTest" name="verifyCarEqualityWithMakeModelYear2()" time="0.001"></testcase><testcase classname="edu.umb.cs680.hw05.CarTest" name="verifyCarEqualityWithMakeModelYear1()" time="0.023"></testcase></testsuite>